Using pre-set license
Built from '2020.3/staging' branch; Version is '2020.3.25f1 (9b9180224418) revision 10195328'; Using compiler version '192528614'; Build Type 'Release'
OS: 'Windows 10  (10.0.19044) 64bit Core' Language: 'ru' Physical Memory: 9885 MB
BatchMode: 1, IsHumanControllingUs: 0, StartBugReporterOnCrash: 0, Is64bit: 1, IsPro: 0

COMMAND LINE ARGUMENTS:
C:\Program Files\Unity\Hub\Editor\2020.3.25f1\Editor\Unity.exe
-adb2
-batchMode
-noUpm
-name
AssetImportWorker0
-projectPath
D:/Geekbrains/Curs/07/project/GB2DDev
-logFile
Logs/AssetImportWorker0.log
-srvPort
61674
Successfully changed project path to: D:/Geekbrains/Curs/07/project/GB2DDev
D:/Geekbrains/Curs/07/project/GB2DDev
Using Asset Import Pipeline V2.
Refreshing native plugins compatible for Editor in 98.14 ms, found 3 plugins.
Preloading 0 native plugins for Editor in 0.00 ms.
Initialize engine version: 2020.3.25f1 (9b9180224418)
[Subsystems] Discovering subsystems at path C:/Program Files/Unity/Hub/Editor/2020.3.25f1/Editor/Data/Resources/UnitySubsystems
[Subsystems] Discovering subsystems at path D:/Geekbrains/Curs/07/project/GB2DDev/Assets
GfxDevice: creating device client; threaded=0
Direct3D:
    Version:  Direct3D 11.0 [level 11.1]
    Renderer: AMD Radeon(TM) Graphics (ID=0x1636)
    Vendor:   
    VRAM:     4942 MB
    Driver:   27.20.11028.10001
Initialize mono
Mono path[0] = 'C:/Program Files/Unity/Hub/Editor/2020.3.25f1/Editor/Data/Managed'
Mono path[1] = 'C:/Program Files/Unity/Hub/Editor/2020.3.25f1/Editor/Data/MonoBleedingEdge/lib/mono/unityjit'
Mono config path = 'C:/Program Files/Unity/Hub/Editor/2020.3.25f1/Editor/Data/MonoBleedingEdge/etc'
Using monoOptions --debugger-agent=transport=dt_socket,embedding=1,server=y,suspend=n,address=127.0.0.1:56656
Begin MonoManager ReloadAssembly
Registering precompiled unity dll's ...
Register platform support module: C:/Program Files/Unity/Hub/Editor/2020.3.25f1/Editor/Data/PlaybackEngines/WindowsStandaloneSupport/UnityEditor.WindowsStandalone.Extensions.dll
Registered in 0.002003 seconds.
Native extension for WindowsStandalone target not found
Refreshing native plugins compatible for Editor in 88.41 ms, found 3 plugins.
Preloading 0 native plugins for Editor in 0.00 ms.
Mono: successfully reloaded assembly
- Completed reload, in  0.693 seconds
Domain Reload Profiling:
	ReloadAssembly (693ms)
		BeginReloadAssembly (55ms)
			ExecutionOrderSort (0ms)
			DisableScriptedObjects (0ms)
			BackupInstance (0ms)
			ReleaseScriptingObjects (0ms)
			CreateAndSetChildDomain (1ms)
		EndReloadAssembly (557ms)
			LoadAssemblies (52ms)
			RebuildTransferFunctionScriptingTraits (0ms)
			SetupTypeCache (166ms)
			ReleaseScriptCaches (0ms)
			RebuildScriptCaches (42ms)
			SetupLoadedEditorAssemblies (227ms)
				LogAssemblyErrors (0ms)
				InitializePlatformSupportModulesInManaged (5ms)
				SetLoadedEditorAssemblies (0ms)
				RefreshPlugins (89ms)
				BeforeProcessingInitializeOnLoad (18ms)
				ProcessInitializeOnLoadAttributes (88ms)
				ProcessInitializeOnLoadMethodAttributes (28ms)
				AfterProcessingInitializeOnLoad (0ms)
				EditorAssembliesLoaded (0ms)
			ExecutionOrderSort2 (0ms)
			AwakeInstancesAfterBackupRestoration (0ms)
Platform modules already initialized, skipping
Registering precompiled user dll's ...
Registered in 0.013017 seconds.
Begin MonoManager ReloadAssembly
Native extension for WindowsStandalone target not found
Refreshing native plugins compatible for Editor in 88.57 ms, found 3 plugins.
Preloading 0 native plugins for Editor in 0.00 ms.
Mono: successfully reloaded assembly
- Completed reload, in  1.533 seconds
Domain Reload Profiling:
	ReloadAssembly (1535ms)
		BeginReloadAssembly (149ms)
			ExecutionOrderSort (0ms)
			DisableScriptedObjects (5ms)
			BackupInstance (0ms)
			ReleaseScriptingObjects (0ms)
			CreateAndSetChildDomain (23ms)
		EndReloadAssembly (1319ms)
			LoadAssemblies (106ms)
			RebuildTransferFunctionScriptingTraits (0ms)
			SetupTypeCache (384ms)
			ReleaseScriptCaches (1ms)
			RebuildScriptCaches (81ms)
			SetupLoadedEditorAssemblies (610ms)
				LogAssemblyErrors (0ms)
				InitializePlatformSupportModulesInManaged (4ms)
				SetLoadedEditorAssemblies (0ms)
				RefreshPlugins (89ms)
				BeforeProcessingInitializeOnLoad (122ms)
				ProcessInitializeOnLoadAttributes (335ms)
				ProcessInitializeOnLoadMethodAttributes (54ms)
				AfterProcessingInitializeOnLoad (6ms)
				EditorAssembliesLoaded (0ms)
			ExecutionOrderSort2 (0ms)
			AwakeInstancesAfterBackupRestoration (7ms)
Platform modules already initialized, skipping
========================================================================
Worker process is ready to serve import requests
Launched and connected shader compiler UnityShaderCompiler.exe after 0.06 seconds
Refreshing native plugins compatible for Editor in 1.12 ms, found 3 plugins.
Preloading 0 native plugins for Editor in 0.00 ms.
Unloading 3841 Unused Serialized files (Serialized files now loaded: 0)
System memory in use before: 145.7 MB.
System memory in use after: 145.9 MB.

Unloading 68 unused Assets to reduce memory usage. Loaded Objects now: 4243.
Total: 8.726400 ms (FindLiveObjects: 0.376000 ms CreateObjectMapping: 0.107800 ms MarkObjects: 8.096700 ms  DeleteObjects: 0.143200 ms)

AssetImportParameters requested are different than current active one (requested -> active):
  custom:framework-win-MediaFoundation: 216162199b28c13a410421893ffa2e32 -> 
  custom:video-decoder-ogg-theora: a1e56fd34408186e4bbccfd4996cb3dc -> 
  custom:container-muxer-webm: aa71ff27fc2769a1b78a27578f13a17b -> 
  custom:container-demuxer-webm: 4f35f7cbe854078d1ac9338744f61a02 -> 
  custom:container-demuxer-ogg: 62fdf1f143b41e24485cea50d1cbac27 -> 
  custom:video-encoder-webm-vp8: eb34c28f22e8b96e1ab97ce403110664 -> 
  custom:video-decoder-webm-vp8: 9c59270c3fd7afecdb556c50c9e8de78 -> 
  custom:audio-decoder-ogg-vorbis: bf7c407c2cedff20999df2af8eb42d56 -> 
  custom:audio-encoder-webm-vorbis: bf7c407c2cedff20999df2af8eb42d56 -> 
========================================================================
Received Import Request.
  path: Assets/Scripts/Ability/Data/Gun.asset
  artifactKey: Guid(b20c1c0024650774a98a033e26be89c7) Importer(815301076,1909f56bfc062723c751e8b465ee728b)
Start importing Assets/Scripts/Ability/Data/Gun.asset using Guid(b20c1c0024650774a98a033e26be89c7) Importer(815301076,1909f56bfc062723c751e8b465ee728b)  -> (artifact id: 'c0792a94543412e12c9f39954f98391e') in 0.033877 seconds 
  Import took 0.040384 seconds .

========================================================================
Received Import Request.
  Time since last request: 2.348963 seconds.
  path: Assets/Scripts/Ability/Data/GunCofig.asset
  artifactKey: Guid(ae65556b650caff40a3e7a4c7cf74730) Importer(815301076,1909f56bfc062723c751e8b465ee728b)
Start importing Assets/Scripts/Ability/Data/GunCofig.asset using Guid(ae65556b650caff40a3e7a4c7cf74730) Importer(815301076,1909f56bfc062723c751e8b465ee728b)  -> (artifact id: '135fbdda18dda4851fdedf1034d2142a') in 0.008443 seconds 
  Import took 0.014967 seconds .

========================================================================
Received Import Request.
  Time since last request: 13.657879 seconds.
  path: Assets/Scripts/Inventory/Data
  artifactKey: Guid(d637aef96d93fb145b3d15e7f4e0c342) Importer(815301076,1909f56bfc062723c751e8b465ee728b)
Start importing Assets/Scripts/Inventory/Data using Guid(d637aef96d93fb145b3d15e7f4e0c342) Importer(815301076,1909f56bfc062723c751e8b465ee728b)  -> (artifact id: 'a41b8e389d63783859874cab5bac4143') in 0.013605 seconds 
  Import took 0.022651 seconds .

========================================================================
Received Import Request.
  Time since last request: 3.219350 seconds.
  path: Assets/Scripts/Inventory/Data/UpgradeItemConfigDataSource.asset
  artifactKey: Guid(9348c48cd11c12a4ab0a7f9fcf2ab8ba) Importer(815301076,1909f56bfc062723c751e8b465ee728b)
Start importing Assets/Scripts/Inventory/Data/UpgradeItemConfigDataSource.asset using Guid(9348c48cd11c12a4ab0a7f9fcf2ab8ba) Importer(815301076,1909f56bfc062723c751e8b465ee728b)  -> (artifact id: '2f214fc4a73bdc3f5e13dce7b9f6e620') in 0.017334 seconds 
  Import took 0.023368 seconds .

========================================================================
Received Import Request.
  Time since last request: 0.715321 seconds.
  path: Assets/Scripts/Inventory/Data/SpeedItem.asset
  artifactKey: Guid(89cd8a541f2e1244da036acba8e40986) Importer(815301076,1909f56bfc062723c751e8b465ee728b)
Start importing Assets/Scripts/Inventory/Data/SpeedItem.asset using Guid(89cd8a541f2e1244da036acba8e40986) Importer(815301076,1909f56bfc062723c751e8b465ee728b)  -> (artifact id: 'ce83699df56b9c16db983309fcd5703d') in 0.008630 seconds 
  Import took 0.014990 seconds .

========================================================================
Received Import Request.
  Time since last request: 5.179772 seconds.
  path: Assets/Scripts/Inventory/Data/ForceItem.asset
  artifactKey: Guid(ac310844ae7429e408ef978a6291240e) Importer(815301076,1909f56bfc062723c751e8b465ee728b)
Start importing Assets/Scripts/Inventory/Data/ForceItem.asset using Guid(ac310844ae7429e408ef978a6291240e) Importer(815301076,1909f56bfc062723c751e8b465ee728b)  -> (artifact id: '70682a1854a5ba670786cb4590ca1b78') in 0.008645 seconds 
  Import took 0.015163 seconds .

========================================================================
Received Import Request.
  Time since last request: 0.894009 seconds.
  path: Assets/Scripts/Inventory/Data/BanditryItem.asset
  artifactKey: Guid(bbfb8a60d89ceaa4082510383b7ef1a8) Importer(815301076,1909f56bfc062723c751e8b465ee728b)
Start importing Assets/Scripts/Inventory/Data/BanditryItem.asset using Guid(bbfb8a60d89ceaa4082510383b7ef1a8) Importer(815301076,1909f56bfc062723c751e8b465ee728b)  -> (artifact id: 'ebde4127f6907f98aa0682051106e6e0') in 0.007785 seconds 
  Import took 0.013750 seconds .

========================================================================
Received Import Request.
  Time since last request: 0.782058 seconds.
  path: Assets/Scripts/Inventory/Data/AddSpeedConfig.asset
  artifactKey: Guid(704ea0abc7235b84b91a71d6134203c4) Importer(815301076,1909f56bfc062723c751e8b465ee728b)
Start importing Assets/Scripts/Inventory/Data/AddSpeedConfig.asset using Guid(704ea0abc7235b84b91a71d6134203c4) Importer(815301076,1909f56bfc062723c751e8b465ee728b)  -> (artifact id: '97d737703c8139040ca0bb2e3a5e1312') in 0.008721 seconds 
  Import took 0.015559 seconds .

========================================================================
Received Import Request.
  Time since last request: 3.007554 seconds.
  path: Assets/Scripts/Inventory/Data/AddForceConfig.asset
  artifactKey: Guid(192dc3d9ed3f8994c857ccfc3617e1f4) Importer(815301076,1909f56bfc062723c751e8b465ee728b)
Start importing Assets/Scripts/Inventory/Data/AddForceConfig.asset using Guid(192dc3d9ed3f8994c857ccfc3617e1f4) Importer(815301076,1909f56bfc062723c751e8b465ee728b)  -> (artifact id: '894dc70a44667c414a9de1a94bb08112') in 0.007953 seconds 
  Import took 0.014045 seconds .

========================================================================
Received Import Request.
  Time since last request: 1.151397 seconds.
  path: Assets/Scripts/Inventory/Data/AddBanditryConfig.asset
  artifactKey: Guid(8fc0ff932d73fc7438a41818ca365d24) Importer(815301076,1909f56bfc062723c751e8b465ee728b)
Start importing Assets/Scripts/Inventory/Data/AddBanditryConfig.asset using Guid(8fc0ff932d73fc7438a41818ca365d24) Importer(815301076,1909f56bfc062723c751e8b465ee728b)  -> (artifact id: '08a5bc54242151fa797b8b11f3cfaa42') in 0.007864 seconds 
  Import took 0.015508 seconds .

========================================================================
Received Prepare
Registering precompiled user dll's ...
Registered in 0.007969 seconds.
Begin MonoManager ReloadAssembly
Native extension for WindowsStandalone target not found
Refreshing native plugins compatible for Editor in 2.24 ms, found 3 plugins.
Preloading 0 native plugins for Editor in 0.00 ms.
Mono: successfully reloaded assembly
- Completed reload, in  2.221 seconds
Domain Reload Profiling:
	ReloadAssembly (2222ms)
		BeginReloadAssembly (209ms)
			ExecutionOrderSort (0ms)
			DisableScriptedObjects (11ms)
			BackupInstance (0ms)
			ReleaseScriptingObjects (0ms)
			CreateAndSetChildDomain (95ms)
		EndReloadAssembly (1923ms)
			LoadAssemblies (163ms)
			RebuildTransferFunctionScriptingTraits (0ms)
			SetupTypeCache (639ms)
			ReleaseScriptCaches (3ms)
			RebuildScriptCaches (89ms)
			SetupLoadedEditorAssemblies (774ms)
				LogAssemblyErrors (0ms)
				InitializePlatformSupportModulesInManaged (7ms)
				SetLoadedEditorAssemblies (1ms)
				RefreshPlugins (2ms)
				BeforeProcessingInitializeOnLoad (176ms)
				ProcessInitializeOnLoadAttributes (511ms)
				ProcessInitializeOnLoadMethodAttributes (69ms)
				AfterProcessingInitializeOnLoad (7ms)
				EditorAssembliesLoaded (0ms)
			ExecutionOrderSort2 (0ms)
			AwakeInstancesAfterBackupRestoration (63ms)
Platform modules already initialized, skipping
Switching build target platform(19) subTarget(0) extendedPlatform(0) -> platform(13) subTarget(537395200) extendedPlatform(0)
Refreshing native plugins compatible for Editor in 1.82 ms, found 3 plugins.
Preloading 0 native plugins for Editor in 0.00 ms.
Unloading 3787 Unused Serialized files (Serialized files now loaded: 0)
System memory in use before: 142.9 MB.
System memory in use after: 143.2 MB.

Unloading 57 unused Assets to reduce memory usage. Loaded Objects now: 4245.
Total: 13.456000 ms (FindLiveObjects: 0.963700 ms CreateObjectMapping: 0.346200 ms MarkObjects: 12.080200 ms  DeleteObjects: 0.063200 ms)

AssetImportParameters requested are different than current active one (requested -> active):
  custom:framework-win-MediaFoundation: 216162199b28c13a410421893ffa2e32 -> 
  custom:video-decoder-ogg-theora: a1e56fd34408186e4bbccfd4996cb3dc -> 
  custom:container-muxer-webm: aa71ff27fc2769a1b78a27578f13a17b -> 
  custom:container-demuxer-webm: 4f35f7cbe854078d1ac9338744f61a02 -> 
  custom:container-demuxer-ogg: 62fdf1f143b41e24485cea50d1cbac27 -> 
  custom:video-encoder-webm-vp8: eb34c28f22e8b96e1ab97ce403110664 -> 
  custom:video-decoder-webm-vp8: 9c59270c3fd7afecdb556c50c9e8de78 -> 
  custom:graphics/normal-map-encoding: 01000000000000000000000000000000 -> 02000000000000000000000000000000
  custom:audio-decoder-ogg-vorbis: bf7c407c2cedff20999df2af8eb42d56 -> 
  custom:audio-encoder-webm-vorbis: bf7c407c2cedff20999df2af8eb42d56 -> 
AssetImportWorkerClient::OnTransportError - code=2 error=End of file
