
=== Wed Apr  6 09:59:45 2022

Packages were changed.
Update Mode: updateDependencies

The following packages were updated:
  com.unity.2d.animation from version 3.2.9 to 5.0.9
  com.unity.2d.pixel-perfect from version 2.1.0 to 4.0.1
  com.unity.2d.psdimporter from version 2.1.8 to 4.1.2
  com.unity.2d.spriteshape from version 3.0.17 to 5.1.6
  com.unity.collab-proxy from version 1.10.2 to 1.15.4
  com.unity.ide.rider from version 1.2.1 to 2.0.7
  com.unity.ide.visualstudio from version 2.0.11 to 2.0.12
  com.unity.purchasing from version 3.2.2 to 4.0.3
  com.unity.textmeshpro from version 2.1.4 to 3.0.6
  com.unity.timeline from version 1.2.18 to 1.4.8

=== Wed Apr  6 13:26:37 2022

Packages were changed.
Update Mode: updateDependencies

The following packages were updated:
  com.unity.2d.animation from version 3.2.9 to 5.0.9
  com.unity.2d.pixel-perfect from version 2.1.0 to 4.0.1
  com.unity.2d.psdimporter from version 2.1.8 to 4.1.2
  com.unity.2d.spriteshape from version 3.0.17 to 5.1.6
  com.unity.collab-proxy from version 1.10.2 to 1.15.4
  com.unity.ide.rider from version 1.2.1 to 2.0.7
  com.unity.ide.visualstudio from version 2.0.11 to 2.0.12
  com.unity.purchasing from version 3.2.2 to 4.0.3
  com.unity.textmeshpro from version 2.1.4 to 3.0.6
  com.unity.timeline from version 1.2.18 to 1.4.8

=== Wed Apr  6 18:40:54 2022

Packages were changed.
Update Mode: updateDependencies

The following packages were updated:
  com.unity.2d.animation from version 3.2.9 to 5.0.9
  com.unity.2d.pixel-perfect from version 2.1.0 to 4.0.1
  com.unity.2d.psdimporter from version 2.1.8 to 4.1.2
  com.unity.2d.spriteshape from version 3.0.17 to 5.1.6
  com.unity.collab-proxy from version 1.10.2 to 1.15.4
  com.unity.ide.rider from version 1.2.1 to 2.0.7
  com.unity.ide.visualstudio from version 2.0.11 to 2.0.12
  com.unity.purchasing from version 3.2.2 to 4.0.3
  com.unity.textmeshpro from version 2.1.4 to 3.0.6
  com.unity.timeline from version 1.2.18 to 1.4.8

=== Thu Apr  7 02:18:49 2022

Packages were changed.
Update Mode: updateDependencies

The following packages were updated:
  com.unity.2d.animation from version 3.2.9 to 5.0.9
  com.unity.2d.pixel-perfect from version 2.1.0 to 4.0.1
  com.unity.2d.psdimporter from version 2.1.8 to 4.1.2
  com.unity.2d.spriteshape from version 3.0.17 to 5.1.6
  com.unity.collab-proxy from version 1.10.2 to 1.15.4
  com.unity.ide.rider from version 1.2.1 to 2.0.7
  com.unity.ide.visualstudio from version 2.0.11 to 2.0.12
  com.unity.purchasing from version 3.2.2 to 4.0.3
  com.unity.textmeshpro from version 2.1.4 to 3.0.6
  com.unity.timeline from version 1.2.18 to 1.4.8

=== Thu Apr  7 02:25:58 2022

Packages were changed.
Update Mode: updateDependencies

The following packages were updated:
  com.unity.2d.animation from version 3.2.9 to 5.0.9
  com.unity.2d.pixel-perfect from version 2.1.0 to 4.0.1
  com.unity.2d.psdimporter from version 2.1.8 to 4.1.2
  com.unity.2d.spriteshape from version 3.0.17 to 5.1.6
  com.unity.collab-proxy from version 1.10.2 to 1.15.4
  com.unity.ide.rider from version 1.2.1 to 2.0.7
  com.unity.ide.visualstudio from version 2.0.11 to 2.0.12
  com.unity.purchasing from version 3.2.2 to 4.0.3
  com.unity.textmeshpro from version 2.1.4 to 3.0.6
  com.unity.timeline from version 1.2.18 to 1.4.8

=== Thu Apr  7 02:32:04 2022

Packages were changed.
Update Mode: updateDependencies

The following packages were updated:
  com.unity.2d.animation from version 3.2.9 to 5.0.9
  com.unity.2d.pixel-perfect from version 2.1.0 to 4.0.1
  com.unity.2d.psdimporter from version 2.1.8 to 4.1.2
  com.unity.2d.spriteshape from version 3.0.17 to 5.1.6
  com.unity.collab-proxy from version 1.10.2 to 1.15.4
  com.unity.ide.rider from version 1.2.1 to 2.0.7
  com.unity.ide.visualstudio from version 2.0.11 to 2.0.12
  com.unity.purchasing from version 3.2.2 to 4.0.3
  com.unity.textmeshpro from version 2.1.4 to 3.0.6
  com.unity.timeline from version 1.2.18 to 1.4.8

=== Wed Apr 13 03:50:05 2022

Packages were changed.
Update Mode: updateDependencies

The following packages were updated:
  com.unity.2d.animation from version 3.2.9 to 5.0.9
  com.unity.2d.pixel-perfect from version 2.1.0 to 4.0.1
  com.unity.2d.psdimporter from version 2.1.8 to 4.1.2
  com.unity.2d.spriteshape from version 3.0.17 to 5.1.6
  com.unity.collab-proxy from version 1.10.2 to 1.15.4
  com.unity.ide.rider from version 1.2.1 to 2.0.7
  com.unity.ide.visualstudio from version 2.0.11 to 2.0.12
  com.unity.purchasing from version 3.2.2 to 4.0.3
  com.unity.textmeshpro from version 2.1.4 to 3.0.6
  com.unity.timeline from version 1.2.18 to 1.4.8

=== Wed Apr 13 05:37:14 2022

Packages were changed.
Update Mode: updateDependencies

The following packages were updated:
  com.unity.2d.animation from version 3.2.9 to 5.0.9
  com.unity.2d.pixel-perfect from version 2.1.0 to 4.0.1
  com.unity.2d.psdimporter from version 2.1.8 to 4.1.2
  com.unity.2d.spriteshape from version 3.0.17 to 5.1.6
  com.unity.collab-proxy from version 1.10.2 to 1.15.4
  com.unity.ide.rider from version 1.2.1 to 2.0.7
  com.unity.ide.visualstudio from version 2.0.11 to 2.0.12
  com.unity.purchasing from version 3.2.2 to 4.0.3
  com.unity.textmeshpro from version 2.1.4 to 3.0.6
  com.unity.timeline from version 1.2.18 to 1.4.8

=== Thu Apr 14 03:46:51 2022

Packages were changed.
Update Mode: updateDependencies

The following packages were updated:
  com.unity.2d.animation from version 3.2.9 to 5.0.9
  com.unity.2d.pixel-perfect from version 2.1.0 to 4.0.1
  com.unity.2d.psdimporter from version 2.1.8 to 4.1.2
  com.unity.2d.spriteshape from version 3.0.17 to 5.1.6
  com.unity.collab-proxy from version 1.10.2 to 1.15.4
  com.unity.ide.rider from version 1.2.1 to 2.0.7
  com.unity.ide.visualstudio from version 2.0.11 to 2.0.12
  com.unity.purchasing from version 3.2.2 to 4.0.3
  com.unity.textmeshpro from version 2.1.4 to 3.0.6
  com.unity.timeline from version 1.2.18 to 1.4.8

=== Sun Apr 17 04:02:10 2022

Packages were changed.
Update Mode: updateDependencies

The following packages were updated:
  com.unity.2d.animation from version 3.2.9 to 5.0.9
  com.unity.2d.pixel-perfect from version 2.1.0 to 4.0.1
  com.unity.2d.psdimporter from version 2.1.8 to 4.1.2
  com.unity.2d.spriteshape from version 3.0.17 to 5.1.6
  com.unity.collab-proxy from version 1.10.2 to 1.15.4
  com.unity.ide.rider from version 1.2.1 to 2.0.7
  com.unity.ide.visualstudio from version 2.0.11 to 2.0.12
  com.unity.purchasing from version 3.2.2 to 4.0.3
  com.unity.textmeshpro from version 2.1.4 to 3.0.6
  com.unity.timeline from version 1.2.18 to 1.4.8

=== Sun Apr 17 04:21:03 2022

Packages were changed.
Update Mode: updateDependencies

The following packages were updated:
  com.unity.2d.animation from version 3.2.9 to 5.0.9
  com.unity.2d.pixel-perfect from version 2.1.0 to 4.0.1
  com.unity.2d.psdimporter from version 2.1.8 to 4.1.2
  com.unity.2d.spriteshape from version 3.0.17 to 5.1.6
  com.unity.collab-proxy from version 1.10.2 to 1.15.4
  com.unity.ide.rider from version 1.2.1 to 2.0.7
  com.unity.ide.visualstudio from version 2.0.11 to 2.0.12
  com.unity.purchasing from version 3.2.2 to 4.0.3
  com.unity.textmeshpro from version 2.1.4 to 3.0.6
  com.unity.timeline from version 1.2.18 to 1.4.8

=== Sat Apr 23 20:48:04 2022

Packages were changed.
Update Mode: updateDependencies

The following packages were updated:
  com.unity.2d.animation from version 3.2.9 to 5.0.9
  com.unity.2d.pixel-perfect from version 2.1.0 to 4.0.1
  com.unity.2d.psdimporter from version 2.1.8 to 4.1.2
  com.unity.2d.spriteshape from version 3.0.17 to 5.1.6
  com.unity.collab-proxy from version 1.10.2 to 1.15.4
  com.unity.ide.rider from version 1.2.1 to 2.0.7
  com.unity.ide.visualstudio from version 2.0.11 to 2.0.12
  com.unity.purchasing from version 3.2.2 to 4.0.3
  com.unity.textmeshpro from version 2.1.4 to 3.0.6
  com.unity.timeline from version 1.2.18 to 1.4.8

=== Sat Apr 23 21:08:24 2022

Packages were changed.
Update Mode: updateDependencies

The following packages were updated:
  com.unity.2d.animation from version 3.2.9 to 5.0.9
  com.unity.2d.pixel-perfect from version 2.1.0 to 4.0.1
  com.unity.2d.psdimporter from version 2.1.8 to 4.1.2
  com.unity.2d.spriteshape from version 3.0.17 to 5.1.6
  com.unity.collab-proxy from version 1.10.2 to 1.15.4
  com.unity.ide.rider from version 1.2.1 to 2.0.7
  com.unity.ide.visualstudio from version 2.0.11 to 2.0.12
  com.unity.purchasing from version 3.2.2 to 4.0.3
  com.unity.textmeshpro from version 2.1.4 to 3.0.6
  com.unity.timeline from version 1.2.18 to 1.4.8

=== Sat Apr 23 21:49:36 2022

Packages were changed.
Update Mode: updateDependencies

The following packages were updated:
  com.unity.2d.animation from version 3.2.9 to 5.0.9
  com.unity.2d.pixel-perfect from version 2.1.0 to 4.0.1
  com.unity.2d.psdimporter from version 2.1.8 to 4.1.2
  com.unity.2d.spriteshape from version 3.0.17 to 5.1.6
  com.unity.collab-proxy from version 1.10.2 to 1.15.4
  com.unity.ide.rider from version 1.2.1 to 2.0.7
  com.unity.ide.visualstudio from version 2.0.11 to 2.0.12
  com.unity.purchasing from version 3.2.2 to 4.0.3
  com.unity.textmeshpro from version 2.1.4 to 3.0.6
  com.unity.timeline from version 1.2.18 to 1.4.8

=== Sun Apr 24 05:07:51 2022

Packages were changed.
Update Mode: updateDependencies

The following packages were updated:
  com.unity.2d.animation from version 3.2.9 to 5.0.9
  com.unity.2d.pixel-perfect from version 2.1.0 to 4.0.1
  com.unity.2d.psdimporter from version 2.1.8 to 4.1.2
  com.unity.2d.spriteshape from version 3.0.17 to 5.1.6
  com.unity.collab-proxy from version 1.10.2 to 1.15.4
  com.unity.ide.rider from version 1.2.1 to 2.0.7
  com.unity.ide.visualstudio from version 2.0.11 to 2.0.12
  com.unity.purchasing from version 3.2.2 to 4.0.3
  com.unity.textmeshpro from version 2.1.4 to 3.0.6
  com.unity.timeline from version 1.2.18 to 1.4.8

=== Sat Apr 30 12:00:46 2022

Packages were changed.
Update Mode: updateDependencies

The following packages were updated:
  com.unity.2d.animation from version 3.2.9 to 5.0.9
  com.unity.2d.pixel-perfect from version 2.1.0 to 4.0.1
  com.unity.2d.psdimporter from version 2.1.8 to 4.1.2
  com.unity.2d.spriteshape from version 3.0.17 to 5.1.6
  com.unity.collab-proxy from version 1.10.2 to 1.15.4
  com.unity.ide.rider from version 1.2.1 to 2.0.7
  com.unity.ide.visualstudio from version 2.0.11 to 2.0.12
  com.unity.purchasing from version 3.2.2 to 4.0.3
  com.unity.textmeshpro from version 2.1.4 to 3.0.6
  com.unity.timeline from version 1.2.18 to 1.4.8

=== Fri May 13 07:16:46 2022

Packages were changed.
Update Mode: updateDependencies

The following packages were updated:
  com.unity.2d.animation from version 3.2.9 to 5.0.9
  com.unity.2d.pixel-perfect from version 2.1.0 to 4.0.1
  com.unity.2d.psdimporter from version 2.1.8 to 4.1.2
  com.unity.2d.spriteshape from version 3.0.17 to 5.1.6
  com.unity.collab-proxy from version 1.10.2 to 1.15.4
  com.unity.ide.rider from version 1.2.1 to 2.0.7
  com.unity.ide.visualstudio from version 2.0.11 to 2.0.12
  com.unity.purchasing from version 3.2.2 to 4.0.3
  com.unity.textmeshpro from version 2.1.4 to 3.0.6
  com.unity.timeline from version 1.2.18 to 1.4.8

=== Thu May 19 11:03:46 2022

Packages were changed.
Update Mode: updateDependencies

The following packages were updated:
  com.unity.2d.animation from version 3.2.9 to 5.0.9
  com.unity.2d.pixel-perfect from version 2.1.0 to 4.0.1
  com.unity.2d.psdimporter from version 2.1.8 to 4.1.2
  com.unity.2d.spriteshape from version 3.0.17 to 5.1.6
  com.unity.collab-proxy from version 1.10.2 to 1.15.4
  com.unity.ide.rider from version 1.2.1 to 2.0.7
  com.unity.ide.visualstudio from version 2.0.11 to 2.0.12
  com.unity.purchasing from version 3.2.2 to 4.0.3
  com.unity.textmeshpro from version 2.1.4 to 3.0.6
  com.unity.timeline from version 1.2.18 to 1.4.8
